<?xml version="1.0" encoding="UTF-8"?>
<!-- Generated by org.testng.reporters.JUnitReportReporter -->
<testsuite hostname="IN-996XTN3" failures="0" tests="1" name="all_Test_Operation.List_All_Crud_operation" time="1.189" errors="0" timestamp="16 Dec 2022 11:38:25 GMT" skipped="0">
  <testcase classname="all_Test_Operation.List_All_Crud_operation" name="postList" time="1.189"/>
</testsuite> <!-- all_Test_Operation.List_All_Crud_operation -->
