<?xml version="1.0" encoding="UTF-8"?>
<!-- Generated by org.testng.reporters.JUnitReportReporter -->
<testsuite hostname="IN-996XTN3" failures="0" tests="4" name="Boards.Board_All_Crud_operation_Test" time="8.002" errors="0" timestamp="13 Dec 2022 15:53:32 GMT" skipped="0">
  <testcase classname="Boards.Board_All_Crud_operation_Test" name="post" time="3.103"/>
  <testcase classname="Boards.Board_All_Crud_operation_Test" name="Get" time="1.372"/>
  <testcase classname="Boards.Board_All_Crud_operation_Test" name="put" time="1.313"/>
  <testcase classname="Boards.Board_All_Crud_operation_Test" name="delete" time="2.214"/>
</testsuite> <!-- Boards.Board_All_Crud_operation_Test -->
