<?xml version="1.0" encoding="UTF-8"?>
<!-- Generated by org.testng.reporters.JUnitReportReporter -->
<testsuite hostname="IN-996XTN3" failures="0" tests="3" name="all_Test_Operation.Board_All_Crud_operation_Test" time="4.518" errors="0" timestamp="26 Apr 2023 09:28:05 GMT" skipped="0">
  <testcase classname="all_Test_Operation.Board_All_Crud_operation_Test" name="post" time="2.658"/>
  <testcase classname="all_Test_Operation.Board_All_Crud_operation_Test" name="Get" time="0.975"/>
  <testcase classname="all_Test_Operation.Board_All_Crud_operation_Test" name="put" time="0.885"/>
</testsuite> <!-- all_Test_Operation.Board_All_Crud_operation_Test -->
