<?xml version="1.0" encoding="UTF-8"?>
<!-- Generated by org.testng.reporters.JUnitReportReporter -->
<testsuite hostname="IN-996XTN3" failures="0" tests="1" name="all_Test_Operation.List_All_Crud_operation" time="1.201" errors="0" timestamp="06 Jan 2023 07:03:57 GMT" skipped="0">
  <testcase classname="all_Test_Operation.List_All_Crud_operation" name="postList" time="1.201"/>
</testsuite> <!-- all_Test_Operation.List_All_Crud_operation -->
